<?xml version="1.0" encoding="UTF-8"?>
<!-- Generated by org.testng.reporters.JUnitReportReporter -->
<testsuite hostname="AMITTALE6440" name="unusedScenarios.java_practice" tests="1" failures="0" timestamp="1 Jul 2017 18:13:56 GMT" time="0.020" errors="0">
  <testcase name="test1" time="0.020" classname="unusedScenarios.java_practice"/>
</testsuite> <!-- unusedScenarios.java_practice -->
