<?xml version="1.0" encoding="UTF-8"?>
<!-- Generated by org.testng.reporters.JUnitReportReporter -->
<testsuite hostname="AMITTALE6440" name="amazon.Login" tests="1" failures="0" timestamp="16 Jul 2017 10:59:49 GMT" time="0.142" errors="0">
  <testcase name="amazon" time="0.142" classname="amazon.Login"/>
</testsuite> <!-- amazon.Login -->
