<?xml version="1.0" encoding="UTF-8"?>
<!-- Generated by org.testng.reporters.JUnitReportReporter -->
<testsuite hostname="AMITTALE6440" name="unusedScenarios.SplitString" tests="1" failures="1" timestamp="20 Jul 2017 20:10:28 GMT" time="0.000" errors="0">
  <testcase name="read" time="0.000" classname="unusedScenarios.SplitString">
    <failure type="org.testng.TestNGException" message="
Some DataProvider public static java.lang.Object[][] scenario.DataProivder.dataProvider(java.lang.String[]) parameters unresolved:  at 1 type class [Ljava.lang.String;
">
      <![CDATA[org.testng.TestNGException: 
Some DataProvider public static java.lang.Object[][] scenario.DataProivder.dataProvider(java.lang.String[]) parameters unresolved:  at 1 type class [Ljava.lang.String;

	at org.testng.internal.MethodInvocationHelper.invokeDataProvider(MethodInvocationHelper.java:129)
	at org.testng.internal.Parameters.handleParameters(Parameters.java:431)
	at org.testng.internal.Invoker.handleParameters(Invoker.java:1335)
	at org.testng.internal.Invoker.createParameters(Invoker.java:1051)
	at org.testng.internal.Invoker.invokeTestMethods(Invoker.java:1140)
	at org.testng.internal.TestMethodWorker.invokeTestMethods(TestMethodWorker.java:124)
	at org.testng.internal.TestMethodWorker.run(TestMethodWorker.java:108)
	at org.testng.TestRunner.privateRun(TestRunner.java:767)
	at org.testng.TestRunner.run(TestRunner.java:617)
	at org.testng.SuiteRunner.runTest(SuiteRunner.java:348)
	at org.testng.SuiteRunner.runSequentially(SuiteRunner.java:343)
	at org.testng.SuiteRunner.privateRun(SuiteRunner.java:305)
	at org.testng.SuiteRunner.run(SuiteRunner.java:254)
	at org.testng.SuiteRunnerWorker.runSuite(SuiteRunnerWorker.java:52)
	at org.testng.SuiteRunnerWorker.run(SuiteRunnerWorker.java:86)
	at org.testng.TestNG.runSuitesSequentially(TestNG.java:1224)
	at org.testng.TestNG.runSuitesLocally(TestNG.java:1149)
	at org.testng.TestNG.run(TestNG.java:1057)
	at org.testng.remote.AbstractRemoteTestNG.run(AbstractRemoteTestNG.java:126)
	at org.testng.remote.RemoteTestNG.initAndRun(RemoteTestNG.java:137)
	at org.testng.remote.RemoteTestNG.main(RemoteTestNG.java:58)
]]>
    </failure>
  </testcase> <!-- read -->
</testsuite> <!-- unusedScenarios.SplitString -->
