<?xml version="1.0" encoding="UTF-8"?>
<!-- Generated by org.testng.reporters.JUnitReportReporter -->
<testsuite hostname="AMITTALE6440" name="scenario.MethodFactory" tests="1" failures="0" timestamp="25 Jul 2017 17:12:55 GMT" time="0.010" errors="0">
  <testcase name="method" time="0.010" classname="scenario.MethodFactory"/>
</testsuite> <!-- scenario.MethodFactory -->
